Using pre-set license
Built from '2022.3/staging' branch; Version is '2022.3.8f1 (b5eafc012955) revision 11922172'; Using compiler version '192829333'; Build Type 'Release'
OS: 'Windows 11  (10.0.22621) 64bit CoreSingleLanguage' Language: 'es' Physical Memory: 7540 MB
BatchMode: 1, IsHumanControllingUs: 0, StartBugReporterOnCrash: 0, Is64bit: 1, IsPro: 1

COMMAND LINE ARGUMENTS:
C:\Program Files\Unity\Hub\Editor\2022.3.8f1\Editor\Unity.exe
-adb2
-batchMode
-noUpm
-name
AssetImportWorker2
-projectPath
C:/Users/Pc-Admin/JuegoAladdin2D
-logFile
Logs/AssetImportWorker2.log
-srvPort
63739
Successfully changed project path to: C:/Users/Pc-Admin/JuegoAladdin2D
C:/Users/Pc-Admin/JuegoAladdin2D
[UnityMemory] Configuration Parameters - Can be set up in boot.config
    "memorysetup-bucket-allocator-granularity=16"
    "memorysetup-bucket-allocator-bucket-count=8"
    "memorysetup-bucket-allocator-block-size=33554432"
    "memorysetup-bucket-allocator-block-count=8"
    "memorysetup-main-allocator-block-size=16777216"
    "memorysetup-thread-allocator-block-size=16777216"
    "memorysetup-gfx-main-allocator-block-size=16777216"
    "memorysetup-gfx-thread-allocator-block-size=16777216"
    "memorysetup-cache-allocator-block-size=4194304"
    "memorysetup-typetree-allocator-block-size=2097152"
    "memorysetup-profiler-bucket-allocator-granularity=16"
    "memorysetup-profiler-bucket-allocator-bucket-count=8"
    "memorysetup-profiler-bucket-allocator-block-size=33554432"
    "memorysetup-profiler-bucket-allocator-block-count=8"
    "memorysetup-profiler-allocator-block-size=16777216"
    "memorysetup-profiler-editor-allocator-block-size=1048576"
    "memorysetup-temp-allocator-size-main=16777216"
    "memorysetup-job-temp-allocator-block-size=2097152"
    "memorysetup-job-temp-allocator-block-size-background=1048576"
    "memorysetup-job-temp-allocator-reduction-small-platforms=262144"
    "memorysetup-allocator-temp-initial-block-size-main=262144"
    "memorysetup-allocator-temp-initial-block-size-worker=262144"
    "memorysetup-temp-allocator-size-background-worker=32768"
    "memorysetup-temp-allocator-size-job-worker=262144"
    "memorysetup-temp-allocator-size-preload-manager=33554432"
    "memorysetup-temp-allocator-size-nav-mesh-worker=65536"
    "memorysetup-temp-allocator-size-audio-worker=65536"
    "memorysetup-temp-allocator-size-cloud-worker=32768"
    "memorysetup-temp-allocator-size-gi-baking-worker=262144"
    "memorysetup-temp-allocator-size-gfx=262144"
Player connection [26076] Host "[IP] 192.168.3.111 [Port] 0 [Flags] 2 [Guid] 2848554665 [EditorId] 2848554665 [Version] 1048832 [Id] WindowsEditor(7,PC-Admin2022) [Debug] 1 [PackageName] WindowsEditor [ProjectName] Editor" joined multi-casting on [225.0.0.222:54997]...

Player connection [26076] Host "[IP] 192.168.3.111 [Port] 0 [Flags] 2 [Guid] 2848554665 [EditorId] 2848554665 [Version] 1048832 [Id] WindowsEditor(7,PC-Admin2022) [Debug] 1 [PackageName] WindowsEditor [ProjectName] Editor" joined alternative multi-casting on [225.0.0.222:34997]...

[Physics::Module] Initialized MultithreadedJobDispatcher with 11 workers.
Refreshing native plugins compatible for Editor in 25.96 ms, found 4 plugins.
Preloading 0 native plugins for Editor in 0.00 ms.
Initialize engine version: 2022.3.8f1 (b5eafc012955)
[Subsystems] Discovering subsystems at path C:/Program Files/Unity/Hub/Editor/2022.3.8f1/Editor/Data/Resources/UnitySubsystems
[Subsystems] Discovering subsystems at path C:/Users/Pc-Admin/JuegoAladdin2D/Assets
GfxDevice: creating device client; threaded=0; jobified=0
Direct3D:
    Version:  Direct3D 11.0 [level 11.1]
    Renderer: NVIDIA GeForce GTX 1050 (ID=0x1c91)
    Vendor:   NVIDIA
    VRAM:     2995 MB
    Driver:   31.0.15.2892
Initialize mono
Mono path[0] = 'C:/Program Files/Unity/Hub/Editor/2022.3.8f1/Editor/Data/Managed'
Mono path[1] = 'C:/Program Files/Unity/Hub/Editor/2022.3.8f1/Editor/Data/MonoBleedingEdge/lib/mono/unityjit-win32'
Mono config path = 'C:/Program Files/Unity/Hub/Editor/2022.3.8f1/Editor/Data/MonoBleedingEdge/etc'
Using monoOptions --debugger-agent=transport=dt_socket,embedding=1,server=y,suspend=n,address=127.0.0.1:56636
Begin MonoManager ReloadAssembly
Registering precompiled unity dll's ...
Register platform support module: C:/Program Files/Unity/Hub/Editor/2022.3.8f1/Editor/Data/PlaybackEngines/WebGLSupport/UnityEditor.WebGL.Extensions.dll
Register platform support module: C:/Program Files/Unity/Hub/Editor/2022.3.8f1/Editor/Data/PlaybackEngines/WindowsStandaloneSupport/UnityEditor.WindowsStandalone.Extensions.dll
Registered in 0.011550 seconds.
- Loaded All Assemblies, in  0.552 seconds
Native extension for WindowsStandalone target not found
Native extension for WebGL target not found
Mono: successfully reloaded assembly
- Finished resetting the current domain, in  0.324 seconds
Domain Reload Profiling: 875ms
	BeginReloadAssembly (214ms)
		ExecutionOrderSort (0ms)
		DisableScriptedObjects (0ms)
		BackupInstance (0ms)
		ReleaseScriptingObjects (0ms)
		CreateAndSetChildDomain (1ms)
	RebuildCommonClasses (42ms)
	RebuildNativeTypeToScriptingClass (11ms)
	initialDomainReloadingComplete (75ms)
	LoadAllAssembliesAndSetupDomain (207ms)
		LoadAssemblies (214ms)
		RebuildTransferFunctionScriptingTraits (0ms)
		AnalyzeDomain (203ms)
			TypeCache.Refresh (200ms)
				TypeCache.ScanAssembly (182ms)
			ScanForSourceGeneratedMonoScriptInfo (1ms)
			ResolveRequiredComponents (1ms)
	FinalizeReload (325ms)
		ReleaseScriptCaches (0ms)
		RebuildScriptCaches (0ms)
		SetupLoadedEditorAssemblies (239ms)
			LogAssemblyErrors (0ms)
			InitializePlatformSupportModulesInManaged (14ms)
			SetLoadedEditorAssemblies (8ms)
			RefreshPlugins (0ms)
			BeforeProcessingInitializeOnLoad (4ms)
			ProcessInitializeOnLoadAttributes (156ms)
			ProcessInitializeOnLoadMethodAttributes (57ms)
			AfterProcessingInitializeOnLoad (0ms)
			EditorAssembliesLoaded (0ms)
		ExecutionOrderSort2 (0ms)
		AwakeInstancesAfterBackupRestoration (0ms)
========================================================================
Worker process is ready to serve import requests
Begin MonoManager ReloadAssembly
- Loaded All Assemblies, in  1.563 seconds
Refreshing native plugins compatible for Editor in 11.29 ms, found 4 plugins.
Native extension for WindowsStandalone target not found
Native extension for WebGL target not found
Package Manager log level set to [2]
[Package Manager] Server::EnsureServerProcessIsRunning -- launch failed, reason: Unity was launched with the -noUpm command-line argument
[Package Manager] UpmClient::Send -- Unable to send message (not connected to UPM process).
[Package Manager] Cannot connect to Unity Package Manager local server
Mono: successfully reloaded assembly
- Finished resetting the current domain, in  1.014 seconds
Domain Reload Profiling: 2572ms
	BeginReloadAssembly (367ms)
		ExecutionOrderSort (0ms)
		DisableScriptedObjects (9ms)
		BackupInstance (0ms)
		ReleaseScriptingObjects (0ms)
		CreateAndSetChildDomain (47ms)
	RebuildCommonClasses (66ms)
	RebuildNativeTypeToScriptingClass (18ms)
	initialDomainReloadingComplete (83ms)
	LoadAllAssembliesAndSetupDomain (1022ms)
		LoadAssemblies (965ms)
		RebuildTransferFunctionScriptingTraits (0ms)
		AnalyzeDomain (280ms)
			TypeCache.Refresh (245ms)
				TypeCache.ScanAssembly (214ms)
			ScanForSourceGeneratedMonoScriptInfo (28ms)
			ResolveRequiredComponents (5ms)
	FinalizeReload (1015ms)
		ReleaseScriptCaches (0ms)
		RebuildScriptCaches (0ms)
		SetupLoadedEditorAssemblies (798ms)
			LogAssemblyErrors (0ms)
			InitializePlatformSupportModulesInManaged (10ms)
			SetLoadedEditorAssemblies (4ms)
			RefreshPlugins (0ms)
			BeforeProcessingInitializeOnLoad (95ms)
			ProcessInitializeOnLoadAttributes (628ms)
			ProcessInitializeOnLoadMethodAttributes (54ms)
			AfterProcessingInitializeOnLoad (7ms)
			EditorAssembliesLoaded (0ms)
		ExecutionOrderSort2 (0ms)
		AwakeInstancesAfterBackupRestoration (9ms)
Launched and connected shader compiler UnityShaderCompiler.exe after 0.27 seconds
Refreshing native plugins compatible for Editor in 8.15 ms, found 4 plugins.
Preloading 0 native plugins for Editor in 0.00 ms.
Unloading 4003 Unused Serialized files (Serialized files now loaded: 0)
Unloading 69 unused Assets / (244.9 KB). Loaded Objects now: 4460.
Memory consumption went from 136.2 MB to 136.0 MB.
Total: 12.149900 ms (FindLiveObjects: 1.198100 ms CreateObjectMapping: 0.380800 ms MarkObjects: 10.211200 ms  DeleteObjects: 0.358100 ms)

AssetImportParameters requested are different than current active one (requested -> active):
  custom:container-demuxer-ogg: 62fdf1f143b41e24485cea50d1cbac27 -> 
  custom:video-codec-MediaFoundation-h265: 746d11721c4dcdbdad8f713fa42b33f4 -> 
  custom:video-decoder-ogg-theora: a1e56fd34408186e4bbccfd4996cb3dc -> 
  custom:framework-win-MediaFoundation: 216162199b28c13a410421893ffa2e32 -> 
  custom:CustomObjectIndexerAttribute: 756ad292c208cfabdd7b50bc23989ffe -> 
  custom:container-demuxer-webm: 4f35f7cbe854078d1ac9338744f61a02 -> 
  custom:container-muxer-webm: aa71ff27fc2769a1b78a27578f13a17b -> 
  custom:video-decoder-webm-vp8: 9c59270c3fd7afecdb556c50c9e8de78 -> 
  custom:SearchIndexIgnoredProperties: e643bd26f0fe6173181afceb89e7c659 -> 
  custom:AudioImporter_EditorPlatform: d09bf68614088b80899f8185d706f6e7 -> 
  custom:video-encoder-webm-vp8: eb34c28f22e8b96e1ab97ce403110664 -> 
  custom:audio-decoder-ogg-vorbis: bf7c407c2cedff20999df2af8eb42d56 -> 
  custom:audio-encoder-webm-vorbis: bf7c407c2cedff20999df2af8eb42d56 -> 
========================================================================
Received Import Request.
  Time since last request: 1654454.173558 seconds.
  path: Assets/Sprites/Nivel/Plataforma.prefab
  artifactKey: Guid(dcd2ffd45700ec440b694999f87bf1ad) Importer(815301076,1909f56bfc062723c751e8b465ee728b)
Start importing Assets/Sprites/Nivel/Plataforma.prefab using Guid(dcd2ffd45700ec440b694999f87bf1ad) Importer(815301076,1909f56bfc062723c751e8b465ee728b)  -> (artifact id: 'f64ba4da9bccf00ec85e6cc2100c682d') in 0.162970 seconds
Number of updated asset objects reloaded before import = 0
Number of asset objects unloaded after import = 19
========================================================================
Received Import Request.
  Time since last request: 2.384296 seconds.
  path: Assets/Sprites/Nivel/Plataforma.prefab
  artifactKey: Guid(dcd2ffd45700ec440b694999f87bf1ad) Importer(815301076,1909f56bfc062723c751e8b465ee728b)
Start importing Assets/Sprites/Nivel/Plataforma.prefab using Guid(dcd2ffd45700ec440b694999f87bf1ad) Importer(815301076,1909f56bfc062723c751e8b465ee728b)  -> (artifact id: '03289156381402c80c2853417d2ba7ae') in 0.022550 seconds
Number of updated asset objects reloaded before import = 0
Number of asset objects unloaded after import = 19
========================================================================
Received Import Request.
  Time since last request: 113.230465 seconds.
  path: Assets/Sprites/Nivel/Plataforma.prefab
  artifactKey: Guid(dcd2ffd45700ec440b694999f87bf1ad) Importer(815301076,1909f56bfc062723c751e8b465ee728b)
Start importing Assets/Sprites/Nivel/Plataforma.prefab using Guid(dcd2ffd45700ec440b694999f87bf1ad) Importer(815301076,1909f56bfc062723c751e8b465ee728b)  -> (artifact id: 'c3fb9897f9febc7e97659487562a78c5') in 0.015974 seconds
Number of updated asset objects reloaded before import = 0
Number of asset objects unloaded after import = 19
========================================================================
Received Import Request.
  Time since last request: 2.609106 seconds.
  path: Assets/Sprites/Nivel/Plataforma.prefab
  artifactKey: Guid(dcd2ffd45700ec440b694999f87bf1ad) Importer(815301076,1909f56bfc062723c751e8b465ee728b)
Start importing Assets/Sprites/Nivel/Plataforma.prefab using Guid(dcd2ffd45700ec440b694999f87bf1ad) Importer(815301076,1909f56bfc062723c751e8b465ee728b)  -> (artifact id: '86806d6ef5161d4a02f65c9711c0fa46') in 0.015734 seconds
Number of updated asset objects reloaded before import = 0
Number of asset objects unloaded after import = 19
========================================================================
Received Import Request.
  Time since last request: 2.190611 seconds.
  path: Assets/Sprites/Nivel/Plataforma.prefab
  artifactKey: Guid(dcd2ffd45700ec440b694999f87bf1ad) Importer(815301076,1909f56bfc062723c751e8b465ee728b)
Start importing Assets/Sprites/Nivel/Plataforma.prefab using Guid(dcd2ffd45700ec440b694999f87bf1ad) Importer(815301076,1909f56bfc062723c751e8b465ee728b)  -> (artifact id: '9e2c24b3bf7843144efb6e29fd082775') in 0.014408 seconds
Number of updated asset objects reloaded before import = 0
Number of asset objects unloaded after import = 19
========================================================================
Received Import Request.
  Time since last request: 142.362338 seconds.
  path: Assets/Sprites/Nivel/platform.prefab
  artifactKey: Guid(a01769ed5ee61ff42bdea5aed6244c1d) Importer(815301076,1909f56bfc062723c751e8b465ee728b)
Start importing Assets/Sprites/Nivel/platform.prefab using Guid(a01769ed5ee61ff42bdea5aed6244c1d) Importer(815301076,1909f56bfc062723c751e8b465ee728b)  -> (artifact id: 'd544f6fd08cab691251a46f37b1a1d08') in 0.013816 seconds
Number of updated asset objects reloaded before import = 0
Number of asset objects unloaded after import = 10
========================================================================
Received Import Request.
  Time since last request: 9.139143 seconds.
  path: Assets/Sprites/Nivel/platform.prefab
  artifactKey: Guid(a01769ed5ee61ff42bdea5aed6244c1d) Importer(815301076,1909f56bfc062723c751e8b465ee728b)
Start importing Assets/Sprites/Nivel/platform.prefab using Guid(a01769ed5ee61ff42bdea5aed6244c1d) Importer(815301076,1909f56bfc062723c751e8b465ee728b)  -> (artifact id: 'a5d0ae31f9ec1db9b83deca5741a629a') in 0.019271 seconds
Number of updated asset objects reloaded before import = 0
Number of asset objects unloaded after import = 19
========================================================================
Received Import Request.
  Time since last request: 56.727227 seconds.
  path: Assets/Sprites/Nivel/platform.prefab
  artifactKey: Guid(a01769ed5ee61ff42bdea5aed6244c1d) Importer(815301076,1909f56bfc062723c751e8b465ee728b)
Start importing Assets/Sprites/Nivel/platform.prefab using Guid(a01769ed5ee61ff42bdea5aed6244c1d) Importer(815301076,1909f56bfc062723c751e8b465ee728b)  -> (artifact id: '117ec5f0f6f228be7263ca1ea4ea3ba3') in 0.056252 seconds
Number of updated asset objects reloaded before import = 0
Number of asset objects unloaded after import = 19
========================================================================
Received Import Request.
  Time since last request: 3.070266 seconds.
  path: Assets/Sprites/Nivel/platform.prefab
  artifactKey: Guid(a01769ed5ee61ff42bdea5aed6244c1d) Importer(815301076,1909f56bfc062723c751e8b465ee728b)
Start importing Assets/Sprites/Nivel/platform.prefab using Guid(a01769ed5ee61ff42bdea5aed6244c1d) Importer(815301076,1909f56bfc062723c751e8b465ee728b)  -> (artifact id: '2d17cdc53fbb07c7332b97178eabd872') in 0.019970 seconds
Number of updated asset objects reloaded before import = 0
Number of asset objects unloaded after import = 19
========================================================================
Received Import Request.
  Time since last request: 2.219134 seconds.
  path: Assets/Sprites/Nivel/platform.prefab
  artifactKey: Guid(a01769ed5ee61ff42bdea5aed6244c1d) Importer(815301076,1909f56bfc062723c751e8b465ee728b)
Start importing Assets/Sprites/Nivel/platform.prefab using Guid(a01769ed5ee61ff42bdea5aed6244c1d) Importer(815301076,1909f56bfc062723c751e8b465ee728b)  -> (artifact id: '081f67914df188383c6d2110b096eebb') in 0.018579 seconds
Number of updated asset objects reloaded before import = 0
Number of asset objects unloaded after import = 19
========================================================================
Received Import Request.
  Time since last request: 25.742969 seconds.
  path: Assets/Sprites/Nivel/Nivel_104 1.asset
  artifactKey: Guid(041f4ea8e26c1ea47b278ce28fb83f97) Importer(815301076,1909f56bfc062723c751e8b465ee728b)
Start importing Assets/Sprites/Nivel/Nivel_104 1.asset using Guid(041f4ea8e26c1ea47b278ce28fb83f97) Importer(815301076,1909f56bfc062723c751e8b465ee728b)  -> (artifact id: '0fd1b08751ab28034407abe79bfecd28') in 0.308911 seconds
Number of updated asset objects reloaded before import = 0
Number of asset objects unloaded after import = 3
========================================================================
Received Import Request.
  Time since last request: 8.848460 seconds.
  path: Assets/Sprites/Nivel/platform.prefab
  artifactKey: Guid(a01769ed5ee61ff42bdea5aed6244c1d) Importer(815301076,1909f56bfc062723c751e8b465ee728b)
Start importing Assets/Sprites/Nivel/platform.prefab using Guid(a01769ed5ee61ff42bdea5aed6244c1d) Importer(815301076,1909f56bfc062723c751e8b465ee728b)  -> (artifact id: '80763825bb8b28ece35cfd6a66f5bf9e') in 0.036473 seconds
Number of updated asset objects reloaded before import = 0
Number of asset objects unloaded after import = 19
========================================================================
Received Import Request.
  Time since last request: 138.881577 seconds.
  path: Assets/Sprites/Nivel/Nivel.png
  artifactKey: Guid(480d6c178b8ed194795b7233ee6953fc) Importer(815301076,1909f56bfc062723c751e8b465ee728b)
Start importing Assets/Sprites/Nivel/Nivel.png using Guid(480d6c178b8ed194795b7233ee6953fc) Importer(815301076,1909f56bfc062723c751e8b465ee728b)  -> (artifact id: 'd0f4be4023e6cac1b03ef81226923604') in 0.930023 seconds
Number of updated asset objects reloaded before import = 0
Number of asset objects unloaded after import = 110
========================================================================
Received Import Request.
  Time since last request: 7.356681 seconds.
  path: Assets/Sprites/Nivel/platform.prefab
  artifactKey: Guid(a01769ed5ee61ff42bdea5aed6244c1d) Importer(815301076,1909f56bfc062723c751e8b465ee728b)
Start importing Assets/Sprites/Nivel/platform.prefab using Guid(a01769ed5ee61ff42bdea5aed6244c1d) Importer(815301076,1909f56bfc062723c751e8b465ee728b)  -> (artifact id: '330c5543c6ba6239c6a0f671ff9432ee') in 0.018648 seconds
Number of updated asset objects reloaded before import = 0
Number of asset objects unloaded after import = 19
========================================================================
Received Import Request.
  Time since last request: 2.809537 seconds.
  path: Assets/Sprites/Nivel/platform.prefab
  artifactKey: Guid(a01769ed5ee61ff42bdea5aed6244c1d) Importer(815301076,1909f56bfc062723c751e8b465ee728b)
Start importing Assets/Sprites/Nivel/platform.prefab using Guid(a01769ed5ee61ff42bdea5aed6244c1d) Importer(815301076,1909f56bfc062723c751e8b465ee728b)  -> (artifact id: 'b172b7a4070b97bc793beddb0a356a04') in 0.018800 seconds
Number of updated asset objects reloaded before import = 0
Number of asset objects unloaded after import = 19
========================================================================
Received Import Request.
  Time since last request: 144.239620 seconds.
  path: Assets/Sprites/Nivel/background.gif
  artifactKey: Guid(fb4b7366049df8b41ae6755515584815) Importer(815301076,1909f56bfc062723c751e8b465ee728b)
Start importing Assets/Sprites/Nivel/background.gif using Guid(fb4b7366049df8b41ae6755515584815) Importer(815301076,1909f56bfc062723c751e8b465ee728b)  -> (artifact id: '2fcd9e6979ff5c1672a72ed82b857760') in 0.547341 seconds
Number of updated asset objects reloaded before import = 0
Number of asset objects unloaded after import = 3
